seed = 0
k = 1
8.833333 16.000000
8.166667 14.000000
k = 2
5.666667 8.000000
k = 3
4.750000 8.000000
k = 4
4.166667 8.000000
seed = 1
k = 1
8.833333 16.000000
8.166667 14.000000
k = 2
5.916667 12.000000
5.833333 10.000000
k = 3
5.000000 10.000000
4.750000 8.000000
k = 4
4.250000 8.000000
seed = 2
k = 1
8.166667 14.000000
8.166667 14.000000
k = 2
6.666667 14.000000
k = 3
4.833333 10.000000
k = 4
4.333333 8.000000
seed = 3
k = 1
8.166667 14.000000
8.166667 14.000000
k = 2
6.166667 10.000000
6.166667 10.000000
k = 3
5.166667 10.000000
k = 4
4.500000 8.000000
4.000000 8.000000
seed = 4
k = 1
8.833333 16.000000
8.166667 14.000000
k = 2
6.833333 12.000000
6.166667 10.000000
k = 3
5.000000 8.000000
5.000000 8.000000
k = 4
4.333333 8.000000
seed = 5
k = 1
8.833333 16.000000
8.166667 14.000000
k = 2
6.000000 10.000000
k = 3
5.416667 10.000000
4.750000 8.000000
k = 4
4.166667 8.000000
seed = 6
k = 1
8.166667 14.000000
k = 2
6.166667 10.000000
5.666667 8.000000
k = 3
4.916667 10.000000
k = 4
4.166667 8.000000
seed = 7
k = 1
8.833333 16.000000
8.166667 14.000000
k = 2
6.833333 14.000000
6.833333 14.000000
k = 3
5.416667 10.000000
4.750000 8.000000
k = 4
4.833333 10.000000
4.166667 8.000000
seed = 8
k = 1
8.833333 16.000000
8.166667 14.000000
k = 2
6.833333 12.000000
5.666667 8.000000
k = 3
5.416667 10.000000
4.750000 8.000000
k = 4
4.500000 10.000000
4.250000 8.000000
seed = 9
k = 1
8.166667 14.000000
k = 2
6.166667 10.000000
k = 3
5.166667 10.000000
k = 4
4.750000 10.000000
4.333333 10.000000