seed = 0
k = 1
16.666667 30.000000
14.666667 28.000000
k = 2
11.750000 22.000000
k = 3
10.513889 18.000000
k = 4
9.097222 18.000000
8.722222 16.000000
seed = 1
k = 1
16.000000 32.000000
14.666667 28.000000
k = 2
12.833333 26.000000
12.166667 24.000000
k = 3
9.944444 16.000000
9.819444 16.000000
k = 4
9.055556 16.000000
seed = 2
k = 1
16.000000 32.000000
14.666667 28.000000
k = 2
13.666667 28.000000
12.000000 24.000000
12.000000 24.000000
k = 3
12.333333 26.000000
10.666667 20.000000
10.666667 20.000000
k = 4
11.666667 26.000000
9.916667 20.000000
9.166667 16.000000
seed = 3
k = 1
16.666667 30.000000
14.666667 28.000000
k = 2
14.166667 26.000000
12.166667 24.000000
k = 3
14.166667 26.000000
10.388889 20.000000
10.222222 20.000000
k = 4
11.055556 22.000000
10.583333 20.000000
seed = 4
k = 1
15.333333 30.000000
14.666667 28.000000
k = 2
12.833333 26.000000
12.166667 24.000000
k = 3
11.500000 24.000000
10.444444 22.000000
10.222222 20.000000
k = 4
10.722222 24.000000
9.333333 20.000000
9.277778 20.000000
seed = 5
k = 1
15.333333 30.000000
14.666667 28.000000
k = 2
12.666667 24.000000
12.000000 22.000000
k = 3
10.666667 22.000000
10.000000 20.000000
k = 4
9.666667 22.000000
8.833333 16.000000
seed = 6
k = 1
16.000000 32.000000
14.666667 28.000000
k = 2
12.111111 24.000000
12.000000 24.000000
12.000000 24.000000
k = 3
9.555556 16.000000
9.541667 16.000000
9.458333 16.000000
k = 4
8.958333 16.000000
seed = 7
k = 1
17.333333 32.000000
14.666667 28.000000
k = 2
15.333333 28.000000
12.666667 24.000000
k = 3
13.333333 24.000000
10.666667 20.000000
k = 4
12.125000 22.000000
9.666667 20.000000
seed = 8
k = 1
16.666667 30.000000
14.666667 28.000000
k = 2
16.666667 30.000000
12.222222 24.000000
12.000000 24.000000
k = 3
12.444444 26.000000
11.555556 24.000000
k = 4
11.666667 26.000000
11.000000 24.000000
9.666667 20.000000
seed = 9
k = 1
16.666667 30.000000
14.666667 28.000000
k = 2
14.166667 26.000000
12.166667 24.000000
k = 3
10.625000 18.000000
10.277778 16.000000
k = 4
10.388889 18.000000
8.972222 18.000000