seed = 0
k = 1
29.150000 53.000000
26.650000 53.000000
k = 2
24.150000 47.000000
23.475000 47.000000
k = 3
21.712500 40.000000
21.537500 40.000000
k = 4
20.468750 39.000000
20.356250 39.000000
seed = 1
k = 1
29.150000 53.000000
26.650000 53.000000
k = 2
24.362500 44.000000
23.275000 42.000000
23.125000 42.000000
k = 3
21.029688 36.000000
21.029688 36.000000
k = 4
19.145312 34.000000
19.145312 34.000000
seed = 2
k = 1
29.150000 53.000000
26.650000 53.000000
k = 2
23.784375 40.000000
22.675000 40.000000
k = 3
22.321875 40.000000
20.950000 43.000000
k = 4
19.978516 34.000000
18.807422 33.000000
seed = 3
k = 1
27.550000 53.000000
26.650000 53.000000
k = 2
22.550000 35.000000
21.175000 37.000000
k = 3
20.632812 35.000000
20.098437 35.000000
k = 4
19.236719 35.000000
18.689844 35.000000
seed = 4
k = 1
29.150000 53.000000
26.650000 53.000000
k = 2
26.025000 46.000000
23.650000 44.000000
k = 3
23.083594 37.000000
20.009375 35.000000
19.782812 35.000000
k = 4
21.408203 37.000000
18.688281 37.000000
seed = 5
k = 1
29.150000 53.000000
26.650000 53.000000
k = 2
22.831250 40.000000
22.368750 38.000000
k = 3
21.303125 40.000000
20.759375 38.000000
k = 4
19.390625 35.000000
18.950000 35.000000
seed = 6
k = 1
29.150000 53.000000
26.650000 53.000000
k = 2
24.537500 43.000000
23.262500 43.000000
k = 3
21.371875 40.000000
21.371875 40.000000
k = 4
19.726562 36.000000
19.726562 36.000000
seed = 7
k = 1
29.550000 53.000000
26.650000 53.000000
k = 2
23.503125 41.000000
22.775000 40.000000
k = 3
21.534375 38.000000
21.134375 38.000000
k = 4
20.350000 36.000000
19.999219 36.000000
seed = 8
k = 1
29.150000 53.000000
26.650000 53.000000
k = 2
22.925000 42.000000
22.925000 42.000000
k = 3
22.168750 42.000000
21.218750 40.000000
21.156250 40.000000
k = 4
19.943750 38.000000
19.515625 36.000000
seed = 9
k = 1
29.550000 53.000000
26.650000 53.000000
k = 2
24.525000 39.000000
21.700000 39.000000
k = 3
21.268750 35.000000
19.829687 35.000000
k = 4
19.452344 33.000000