seed = 0
k = 1
31.750000 58.000000
31.250000 58.000000
k = 2
28.945312 52.000000
27.777344 52.000000
27.484375 50.000000
27.281250 50.000000
k = 3
27.431641 50.000000
25.914062 48.000000
k = 4
25.455078 48.000000
24.941406 46.000000
seed = 1
k = 1
32.500000 56.000000
31.250000 58.000000
k = 2
28.011230 46.000000
26.145264 42.000000
25.889404 40.000000
k = 3
26.876953 46.000000
24.311157 42.000000
k = 4
24.324341 44.000000
23.674927 40.000000
23.493408 40.000000
seed = 2
k = 1
34.000000 60.000000
31.250000 58.000000
k = 2
27.710938 46.000000
26.188477 42.000000
26.093750 42.000000
k = 3
25.658447 44.000000
24.473389 42.000000
k = 4
24.695679 42.000000
23.472717 42.000000
23.349365 42.000000
seed = 3
k = 1
31.750000 58.000000
31.250000 58.000000
k = 2
27.194336 44.000000
26.188477 42.000000
k = 3
25.032471 42.000000
24.207153 42.000000
k = 4
23.578857 38.000000
22.834900 38.000000
22.738708 38.000000
seed = 4
k = 1
33.500000 60.000000
31.250000 58.000000
k = 2
28.093750 50.000000
26.718750 48.000000
k = 3
26.150391 44.000000
24.878906 42.000000
k = 4
24.219421 42.000000
23.346191 40.000000
seed = 5
k = 1
33.000000 60.000000
31.250000 58.000000
k = 2
30.000000 54.000000
28.000000 52.000000
k = 3
28.187500 50.000000
25.875000 46.000000
k = 4
26.351562 48.000000
24.916016 46.000000
seed = 6
k = 1
32.750000 58.000000
31.250000 58.000000
k = 2
28.496094 50.000000
27.103516 48.000000
26.855469 48.000000
k = 3
26.619873 46.000000
25.075684 44.000000
k = 4
24.969543 44.000000
23.089783 40.000000
seed = 7
k = 1
34.000000 60.000000
31.250000 58.000000
k = 2
30.531250 54.000000
27.539062 50.000000
27.070312 48.000000
k = 3
27.623047 50.000000
25.164551 44.000000
24.675293 44.000000
k = 4
25.961670 46.000000
23.911865 42.000000
23.764404 42.000000
seed = 8
k = 1
32.500000 58.000000
31.250000 58.000000
k = 2
29.224609 50.000000
27.033203 46.000000
26.538086 44.000000
k = 3
27.118652 44.000000
25.224854 44.000000
24.954590 44.000000
k = 4
25.161133 44.000000
24.293457 42.000000
seed = 9
k = 1
33.250000 60.000000
31.250000 58.000000
k = 2
27.596191 42.000000
25.893799 40.000000
25.644775 40.000000
k = 3
26.724731 42.000000
23.992920 40.000000
k = 4
24.221741 40.000000
22.810669 38.000000