seed = 0
k = 1
39.944444 76.000000
36.833333 72.000000
k = 2
34.604938 68.000000
34.096708 68.000000
k = 3
25.160494 49.000000
23.652263 45.000000
k = 4
23.533308 49.000000
21.831662 45.000000
seed = 1
k = 1
37.722222 74.000000
36.833333 72.000000
k = 2
33.679784 64.000000
33.166667 64.000000
k = 3
32.716307 64.000000
32.269676 64.000000
32.114841 63.000000
k = 4
23.494084 51.000000
22.269676 45.000000
22.193544 45.000000
seed = 2
k = 1
38.166667 74.000000
36.833333 72.000000
k = 2
35.194444 72.000000
33.978395 70.000000
k = 3
32.409979 63.000000
31.617284 65.000000
k = 4
31.343364 61.000000
30.693801 61.000000
seed = 3
k = 1
47.388889 74.000000
36.833333 72.000000
k = 2
27.822016 49.000000
25.500000 49.000000
25.500000 49.000000
k = 3
26.438272 49.000000
24.276620 49.000000
24.276620 49.000000
k = 4
23.055041 41.000000
22.336677 41.000000
seed = 4
k = 1
39.277778 74.000000
36.833333 72.000000
k = 2
36.138889 71.000000
33.950617 69.000000
k = 3
35.442901 71.000000
33.239198 69.000000
k = 4
34.277778 71.000000
31.802469 67.000000
seed = 5
k = 1
48.388889 74.000000
36.833333 72.000000
k = 2
44.043981 64.000000
33.830247 66.000000
k = 3
42.276878 63.000000
32.439815 65.000000
k = 4
26.393390 53.000000
23.746271 49.000000
23.746271 49.000000
seed = 6
k = 1
38.166667 74.000000
36.833333 72.000000
k = 2
34.125772 64.000000
33.558642 64.000000
k = 3
32.408179 63.000000
31.452160 62.000000
k = 4
31.308899 60.000000
30.832047 60.000000
seed = 7
k = 1
49.500000 74.000000
36.833333 72.000000
k = 2
27.277778 51.000000
25.500000 49.000000
k = 3
24.795910 51.000000
22.888374 45.000000
k = 4
23.592207 45.000000
22.129115 41.000000
seed = 8
k = 1
38.611111 74.000000
36.833333 72.000000
k = 2
34.929012 69.000000
33.848765 67.000000
k = 3
24.734568 47.000000
23.432099 45.000000
k = 4
23.443673 47.000000
22.341049 45.000000
seed = 9
k = 1
38.166667 74.000000
36.833333 72.000000
k = 2
33.732253 64.000000
33.335648 64.000000
k = 3
32.182613 64.000000
31.772377 65.000000
k = 4
30.475180 63.000000
30.297711 63.000000