seed = 0
k = 1
15.000000 26.000000
13.833333 26.000000
k = 2
11.833333 20.000000
11.333333 20.000000
k = 3
10.250000 18.000000
10.020833 16.000000
k = 4
9.437500 18.000000
9.260417 16.000000
seed = 1
k = 1
15.000000 26.000000
13.833333 26.000000
k = 2
12.750000 22.000000
11.583333 22.000000
k = 3
10.333333 18.000000
9.916667 20.000000
k = 4
9.833333 16.000000
9.312500 18.000000
9.083333 16.000000
seed = 2
k = 1
14.666667 26.000000
13.833333 26.000000
k = 2
12.166667 22.000000
11.500000 22.000000
k = 3
9.979167 18.000000
9.489583 16.000000
k = 4
8.718750 14.000000
seed = 3
k = 1
15.000000 26.000000
13.833333 26.000000
k = 2
10.864583 18.000000
k = 3
10.322917 18.000000
k = 4
9.375000 18.000000
8.697917 16.000000
seed = 4
k = 1
14.500000 26.000000
13.833333 26.000000
k = 2
12.750000 22.000000
11.833333 22.000000
k = 3
10.395833 18.000000
10.395833 18.000000
k = 4
9.666667 18.000000
9.666667 18.000000
seed = 5
k = 1
14.333333 26.000000
13.833333 26.000000
k = 2
12.333333 22.000000
11.833333 22.000000
k = 3
10.916667 20.000000
10.416667 20.000000
k = 4
9.416667 16.000000
9.083333 16.000000
seed = 6
k = 1
14.500000 26.000000
13.833333 26.000000
k = 2
11.416667 20.000000
k = 3
9.875000 18.000000
k = 4
8.989583 18.000000
seed = 7
k = 1
14.500000 26.000000
13.833333 26.000000
k = 2
11.208333 20.000000
k = 3
9.770833 18.000000
9.447917 16.000000
k = 4
9.187500 16.000000
8.885417 14.000000
seed = 8
k = 1
14.166667 26.000000
13.833333 26.000000
k = 2
11.666667 22.000000
11.416667 20.000000
11.250000 20.000000
k = 3
10.104167 18.000000
k = 4
9.375000 18.000000
seed = 9
k = 1
15.000000 26.000000
13.833333 26.000000
k = 2
12.750000 22.000000
11.583333 22.000000
k = 3
10.750000 18.000000
9.833333 18.000000
k = 4
10.500000 18.000000
9.833333 18.000000