seed = 0
k = 1
33.809524 60.000000
29.476190 56.000000
k = 2
27.863946 50.000000
26.238095 48.000000
k = 3
25.899660 44.000000
24.304422 42.000000
k = 4
24.479592 44.000000
23.512755 42.000000
seed = 1
k = 1
33.238095 60.000000
29.476190 56.000000
k = 2
28.707483 56.000000
27.802721 56.000000
k = 3
25.906463 48.000000
25.025510 48.000000
k = 4
22.973108 40.000000
22.519558 38.000000
seed = 2
k = 1
32.904762 60.000000
29.476190 56.000000
k = 2
30.619048 54.000000
27.476190 52.000000
k = 3
26.140306 44.000000
24.514456 44.000000
24.370748 42.000000
k = 4
23.979167 40.000000
22.670706 40.000000
seed = 3
k = 1
30.333333 56.000000
29.476190 56.000000
k = 2
26.302721 48.000000
25.930272 48.000000
k = 3
24.679422 46.000000
24.528061 46.000000
k = 4
23.525510 44.000000
23.320791 44.000000
seed = 4
k = 1
32.904762 60.000000
29.476190 56.000000
k = 2
29.833333 54.000000
26.214286 48.000000
k = 3
25.497343 44.000000
23.380634 40.000000
23.296875 40.000000
k = 4
23.936969 44.000000
22.262755 40.000000
seed = 5
k = 1
33.571429 60.000000
29.476190 56.000000
k = 2
29.500000 52.000000
25.976190 48.000000
k = 3
26.074405 44.000000
23.773384 44.000000
k = 4
24.515731 42.000000
22.265731 40.000000
seed = 6
k = 1
29.476190 56.000000
29.476190 56.000000
k = 2
27.022109 48.000000
26.196429 46.000000
k = 3
25.575468 46.000000
24.407526 44.000000
24.193878 42.000000
k = 4
23.591730 40.000000
22.841305 40.000000
seed = 7
k = 1
32.714286 58.000000
29.476190 56.000000
k = 2
28.746599 52.000000
26.857143 48.000000
k = 3
25.526148 40.000000
23.290604 38.000000
k = 4
24.370748 40.000000
22.343537 38.000000
seed = 8
k = 1
31.809524 60.000000
29.476190 56.000000
k = 2
27.304847 44.000000
25.426446 44.000000
k = 3
25.071641 44.000000
23.126913 40.000000
22.998937 40.000000
k = 4
23.614796 40.000000
22.148810 38.000000
seed = 9
k = 1
32.047619 60.000000
29.476190 56.000000
k = 2
28.006803 50.000000
25.965986 48.000000
k = 3
27.154762 48.000000
25.052721 46.000000
k = 4
25.559524 48.000000
23.593537 44.000000
23.396259 44.000000