seed = 0
k = 1
32.766667 61.000000
29.833333 53.000000
k = 2
28.554167 53.000000
27.000000 47.000000
k = 3
26.235069 49.000000
24.980903 45.000000
24.743056 43.000000
k = 4
21.975868 44.000000
20.764757 39.000000
seed = 1
k = 1
31.566667 59.000000
29.833333 53.000000
k = 2
25.004167 46.000000
23.270833 40.000000
k = 3
23.414931 43.000000
21.994792 38.000000
k = 4
21.869010 40.000000
20.762413 36.000000
seed = 2
k = 1
30.900000 57.000000
29.833333 53.000000
k = 2
27.666667 51.000000
27.666667 51.000000
k = 3
26.250694 49.000000
25.593056 47.000000
k = 4
24.197222 43.000000
24.197222 43.000000
seed = 3
k = 1
30.900000 57.000000
29.833333 53.000000
k = 2
28.120833 53.000000
27.454167 51.000000
k = 3
25.847917 49.000000
24.957292 45.000000
k = 4
24.594792 47.000000
23.670833 43.000000
seed = 4
k = 1
32.766667 61.000000
29.833333 53.000000
k = 2
28.066667 53.000000
27.100000 49.000000
k = 3
23.104167 44.000000
21.768229 39.000000
21.694271 38.000000
k = 4
21.466146 39.000000
20.196875 34.000000
seed = 5
k = 1
32.100000 59.000000
29.833333 53.000000
k = 2
27.053125 47.000000
26.229167 43.000000
k = 3
22.336285 42.000000
21.466146 40.000000
21.399740 38.000000
21.339844 38.000000
k = 4
21.656858 42.000000
20.710417 40.000000
20.629948 40.000000
seed = 6
k = 1
31.566667 59.000000
29.833333 53.000000
k = 2
27.266667 47.000000
26.347222 45.000000
k = 3
22.607031 40.000000
21.519358 41.000000
21.412500 40.000000
21.310677 40.000000
k = 4
20.854514 36.000000
19.977431 34.000000
seed = 7
k = 1
32.766667 61.000000
29.833333 53.000000
k = 2
29.533333 57.000000
28.000000 51.000000
k = 3
26.458333 47.000000
25.577778 45.000000
25.365972 45.000000
k = 4
25.628472 47.000000
25.010417 45.000000
24.823611 45.000000
seed = 8
k = 1
32.100000 59.000000
29.833333 53.000000
k = 2
27.704167 47.000000
26.312500 45.000000
k = 3
21.982378 40.000000
21.375521 39.000000
21.315104 38.000000
k = 4
20.401389 34.000000
19.696354 32.000000
seed = 9
k = 1
30.900000 57.000000
29.833333 53.000000
k = 2
24.377083 44.000000
23.302083 40.000000
k = 3
23.334375 44.000000
22.152083 38.000000
k = 4
22.284896 43.000000
20.780990 37.000000