seed = 0
k = 1
23.333333 42.000000
22.166667 42.000000
k = 2
18.609375 30.000000
18.119792 30.000000
17.885417 28.000000
k = 3
17.026042 30.000000
17.026042 30.000000
k = 4
15.930990 28.000000
15.781250 28.000000
seed = 1
k = 1
23.333333 42.000000
22.166667 42.000000
k = 2
19.583333 32.000000
18.416667 30.000000
k = 3
17.260417 28.000000
16.343750 28.000000
k = 4
16.705729 28.000000
15.835938 26.000000
seed = 2
k = 1
22.666667 42.000000
22.166667 42.000000
k = 2
19.312500 34.000000
18.916667 32.000000
18.583333 32.000000
k = 3
18.041667 34.000000
17.666667 34.000000
k = 4
16.338542 30.000000
16.338542 30.000000
seed = 3
k = 1
22.666667 42.000000
22.166667 42.000000
k = 2
18.604167 30.000000
18.604167 30.000000
k = 3
16.842448 30.000000
16.463542 30.000000
k = 4
15.492839 28.000000
seed = 4
k = 1
22.666667 42.000000
22.166667 42.000000
k = 2
18.354167 30.000000
18.119792 30.000000
17.885417 28.000000
k = 3
17.027344 30.000000
16.855469 28.000000
16.479167 28.000000
k = 4
15.881510 28.000000
seed = 5
k = 1
22.666667 42.000000
22.166667 42.000000
k = 2
18.708333 32.000000
18.479167 32.000000
k = 3
16.901042 26.000000
16.569010 26.000000
k = 4
15.942708 26.000000
15.777344 26.000000
seed = 6
k = 1
23.333333 42.000000
22.166667 42.000000
k = 2
19.145833 32.000000
18.104167 30.000000
k = 3
17.395833 32.000000
16.989583 32.000000
k = 4
15.746094 26.000000
15.610677 26.000000
seed = 7
k = 1
23.333333 42.000000
22.166667 42.000000
k = 2
19.500000 34.000000
18.666667 34.000000
k = 3
16.942708 30.000000
16.489583 30.000000
k = 4
15.684896 26.000000
seed = 8
k = 1
22.166667 42.000000
22.166667 42.000000
k = 2
18.739583 32.000000
18.333333 30.000000
k = 3
17.507812 32.000000
16.859375 30.000000
k = 4
15.951823 28.000000
seed = 9
k = 1
22.166667 42.000000
22.166667 42.000000
k = 2
18.604167 32.000000
18.604167 32.000000
k = 3
16.552734 28.000000
16.394531 26.000000
16.223958 26.000000
k = 4
15.686849 28.000000